e:\hm16.4-pgr\build\vc10\win32\debug\tlibdecoderanalyser\tlibdecoderanalyser.pdb
e:\hm16.4-pgr\build\vc10\win32\debug\tlibdecoderanalyser\tlibdecoderanalyser.idb
e:\hm16.4-pgr\build\vc10\win32\debug\tlibdecoderanalyser\annexbread.obj
e:\hm16.4-pgr\build\vc10\win32\debug\tlibdecoderanalyser\nalread.obj
e:\hm16.4-pgr\build\vc10\win32\debug\tlibdecoderanalyser\seiread.obj
e:\hm16.4-pgr\build\vc10\win32\debug\tlibdecoderanalyser\syntaxelementparser.obj
e:\hm16.4-pgr\build\vc10\win32\debug\tlibdecoderanalyser\tdecbincodercabac.obj
e:\hm16.4-pgr\build\vc10\win32\debug\tlibdecoderanalyser\tdeccavlc.obj
e:\hm16.4-pgr\build\vc10\win32\debug\tlibdecoderanalyser\tdeccu.obj
e:\hm16.4-pgr\build\vc10\win32\debug\tlibdecoderanalyser\tdecentropy.obj
e:\hm16.4-pgr\build\vc10\win32\debug\tlibdecoderanalyser\tdecgop.obj
e:\hm16.4-pgr\build\vc10\win32\debug\tlibdecoderanalyser\tdecsbac.obj
e:\hm16.4-pgr\build\vc10\win32\debug\tlibdecoderanalyser\tdectop.obj
e:\hm16.4-pgr\build\vc10\win32\debug\tlibdecoderanalyser\tdecslice.obj
e:\hm16.4-pgr\build\vc10\win32\debug\tlibdecoderanalyser\tlibdecoderanalyser.lib
e:\hm16.4-pgr\build\\vc10\win32\debug\tlibdecoderanalyser\tlibdecoderanalyser.pdb
e:\hm16.4-pgr\build\\vc10\win32\debug\tlibdecoderanalyser\tlibdecoderanalyser.lib
e:\hm16.4-pgr\build\vc10\win32\debug\tlibdecoderanalyser\tlibdeco.68c1251a.tlog\cl.command.1.tlog
e:\hm16.4-pgr\build\vc10\win32\debug\tlibdecoderanalyser\tlibdeco.68c1251a.tlog\cl.read.1.tlog
e:\hm16.4-pgr\build\vc10\win32\debug\tlibdecoderanalyser\tlibdeco.68c1251a.tlog\cl.write.1.tlog
e:\hm16.4-pgr\build\vc10\win32\debug\tlibdecoderanalyser\tlibdeco.68c1251a.tlog\lib-link.read.1.tlog
e:\hm16.4-pgr\build\vc10\win32\debug\tlibdecoderanalyser\tlibdeco.68c1251a.tlog\lib-link.write.1.tlog
e:\hm16.4-pgr\build\vc10\win32\debug\tlibdecoderanalyser\tlibdeco.68c1251a.tlog\lib.command.1.tlog
