c:\users\zheng\documents\github\16.4pgr\build\vc10\win32\debug\tlibcommon\tlibcommon.pdb
c:\users\zheng\documents\github\16.4pgr\build\vc10\win32\debug\tlibcommon\tlibcommon.idb
c:\users\zheng\documents\github\16.4pgr\build\vc10\win32\debug\tlibcommon\libmd5.obj
c:\users\zheng\documents\github\16.4pgr\build\vc10\win32\debug\tlibcommon\tcomhash.obj
c:\users\zheng\documents\github\16.4pgr\build\vc10\win32\debug\tlibcommon\tcominterpolationfilter.obj
c:\users\zheng\documents\github\16.4pgr\build\vc10\win32\debug\tlibcommon\tcomloopfilter.obj
c:\users\zheng\documents\github\16.4pgr\build\vc10\win32\debug\tlibcommon\tcommotioninfo.obj
c:\users\zheng\documents\github\16.4pgr\build\vc10\win32\debug\tlibcommon\tcompattern.obj
c:\users\zheng\documents\github\16.4pgr\build\vc10\win32\debug\tlibcommon\tcompic.obj
c:\users\zheng\documents\github\16.4pgr\build\vc10\win32\debug\tlibcommon\tcompicsym.obj
c:\users\zheng\documents\github\16.4pgr\build\vc10\win32\debug\tlibcommon\tcompicyuv.obj
c:\users\zheng\documents\github\16.4pgr\build\vc10\win32\debug\tlibcommon\tcompicyuvmd5.obj
c:\users\zheng\documents\github\16.4pgr\build\vc10\win32\debug\tlibcommon\tcomprediction.obj
c:\users\zheng\documents\github\16.4pgr\build\vc10\win32\debug\tlibcommon\tcomquadtree.obj
c:\users\zheng\documents\github\16.4pgr\build\vc10\win32\debug\tlibcommon\tcomrdcost.obj
c:\users\zheng\documents\github\16.4pgr\build\vc10\win32\debug\tlibcommon\tcomrdcostweightprediction.obj
c:\users\zheng\documents\github\16.4pgr\build\vc10\win32\debug\tlibcommon\tcomrom.obj
c:\users\zheng\documents\github\16.4pgr\build\vc10\win32\debug\tlibcommon\tcomsampleadaptiveoffset.obj
c:\users\zheng\documents\github\16.4pgr\build\vc10\win32\debug\tlibcommon\tcomslice.obj
c:\users\zheng\documents\github\16.4pgr\build\vc10\win32\debug\tlibcommon\tcomtrquant.obj
c:\users\zheng\documents\github\16.4pgr\build\vc10\win32\debug\tlibcommon\tcomtu.obj
c:\users\zheng\documents\github\16.4pgr\build\vc10\win32\debug\tlibcommon\tcomweightprediction.obj
c:\users\zheng\documents\github\16.4pgr\build\vc10\win32\debug\tlibcommon\tcomyuv.obj
c:\users\zheng\documents\github\16.4pgr\build\vc10\win32\debug\tlibcommon\blocktemplate.obj
c:\users\zheng\documents\github\16.4pgr\build\vc10\win32\debug\tlibcommon\contextmodel.obj
c:\users\zheng\documents\github\16.4pgr\build\vc10\win32\debug\tlibcommon\contextmodel3dbuffer.obj
c:\users\zheng\documents\github\16.4pgr\build\vc10\win32\debug\tlibcommon\debug.obj
c:\users\zheng\documents\github\16.4pgr\build\vc10\win32\debug\tlibcommon\pixelprediction.obj
c:\users\zheng\documents\github\16.4pgr\build\vc10\win32\debug\tlibcommon\sei.obj
c:\users\zheng\documents\github\16.4pgr\build\vc10\win32\debug\tlibcommon\tcombitstream.obj
c:\users\zheng\documents\github\16.4pgr\build\vc10\win32\debug\tlibcommon\tcomcabactables.obj
c:\users\zheng\documents\github\16.4pgr\build\vc10\win32\debug\tlibcommon\tcomchromaformat.obj
c:\users\zheng\documents\github\16.4pgr\build\vc10\win32\debug\tlibcommon\tcomdatacu.obj
c:\users\zheng\documents\github\16.4pgr\build\vc10\win32\debug\tlibcommon\tlibcommon.lib
c:\users\zheng\documents\github\16.4pgr\build\\vc10\win32\debug\tlibcommon\tlibcommon.pdb
c:\users\zheng\documents\github\16.4pgr\build\\vc10\win32\debug\tlibcommon\tlibcommon.lib
c:\users\zheng\documents\github\16.4pgr\build\vc10\win32\debug\tlibcommon\tlibcommon.tlog\cl.command.1.tlog
c:\users\zheng\documents\github\16.4pgr\build\vc10\win32\debug\tlibcommon\tlibcommon.tlog\cl.read.1.tlog
c:\users\zheng\documents\github\16.4pgr\build\vc10\win32\debug\tlibcommon\tlibcommon.tlog\cl.write.1.tlog
c:\users\zheng\documents\github\16.4pgr\build\vc10\win32\debug\tlibcommon\tlibcommon.tlog\lib-link.read.1.tlog
c:\users\zheng\documents\github\16.4pgr\build\vc10\win32\debug\tlibcommon\tlibcommon.tlog\lib-link.write.1.tlog
c:\users\zheng\documents\github\16.4pgr\build\vc10\win32\debug\tlibcommon\tlibcommon.tlog\lib.command.1.tlog
