d:\hm-16.4+scm-4.0\build\vc10\win32\debug\tlibdecoder\vc120.pdb
d:\hm-16.4+scm-4.0\build\vc10\win32\debug\tlibdecoder\vc120.idb
d:\hm-16.4+scm-4.0\build\vc10\win32\debug\tlibdecoder\annexbread.obj
d:\hm-16.4+scm-4.0\build\vc10\win32\debug\tlibdecoder\nalread.obj
d:\hm-16.4+scm-4.0\build\vc10\win32\debug\tlibdecoder\seiread.obj
d:\hm-16.4+scm-4.0\build\vc10\win32\debug\tlibdecoder\syntaxelementparser.obj
d:\hm-16.4+scm-4.0\build\vc10\win32\debug\tlibdecoder\tdecbincodercabac.obj
d:\hm-16.4+scm-4.0\build\vc10\win32\debug\tlibdecoder\tdeccavlc.obj
d:\hm-16.4+scm-4.0\build\vc10\win32\debug\tlibdecoder\tdeccu.obj
d:\hm-16.4+scm-4.0\build\vc10\win32\debug\tlibdecoder\tdecentropy.obj
d:\hm-16.4+scm-4.0\build\vc10\win32\debug\tlibdecoder\tdecgop.obj
d:\hm-16.4+scm-4.0\build\vc10\win32\debug\tlibdecoder\tdecsbac.obj
d:\hm-16.4+scm-4.0\build\vc10\win32\debug\tlibdecoder\tdecslice.obj
d:\hm-16.4+scm-4.0\build\vc10\win32\debug\tlibdecoder\tdectop.obj
d:\hm-16.4+scm-4.0\build\vc10\win32\debug\tlibdecoder\tlibdecoder.lib
d:\hm-16.4+scm-4.0\build\\vc10\win32\debug\tlibdecoder\tlibdecoder.lib
d:\hm-16.4+scm-4.0\build\vc10\win32\debug\tlibdecoder\tlibdecoder.tlog\cl.command.1.tlog
d:\hm-16.4+scm-4.0\build\vc10\win32\debug\tlibdecoder\tlibdecoder.tlog\cl.read.1.tlog
d:\hm-16.4+scm-4.0\build\vc10\win32\debug\tlibdecoder\tlibdecoder.tlog\cl.write.1.tlog
d:\hm-16.4+scm-4.0\build\vc10\win32\debug\tlibdecoder\tlibdecoder.tlog\lib-link.read.1.tlog
d:\hm-16.4+scm-4.0\build\vc10\win32\debug\tlibdecoder\tlibdecoder.tlog\lib-link.write.1.tlog
d:\hm-16.4+scm-4.0\build\vc10\win32\debug\tlibdecoder\tlibdecoder.tlog\lib.command.1.tlog
