c:\users\zheng\documents\github\16.4pgr\build\vc10\win32\debug\tlibencoder\tlibencoder.pdb
c:\users\zheng\documents\github\16.4pgr\build\vc10\win32\debug\tlibencoder\tlibencoder.idb
c:\users\zheng\documents\github\16.4pgr\build\vc10\win32\debug\tlibencoder\nalwrite.obj
c:\users\zheng\documents\github\16.4pgr\build\vc10\win32\debug\tlibencoder\seiencoder.obj
c:\users\zheng\documents\github\16.4pgr\build\vc10\win32\debug\tlibencoder\seiwrite.obj
c:\users\zheng\documents\github\16.4pgr\build\vc10\win32\debug\tlibencoder\syntaxelementwriter.obj
c:\users\zheng\documents\github\16.4pgr\build\vc10\win32\debug\tlibencoder\tencbincodercabac.obj
c:\users\zheng\documents\github\16.4pgr\build\vc10\win32\debug\tlibencoder\tencbincodercabaccounter.obj
c:\users\zheng\documents\github\16.4pgr\build\vc10\win32\debug\tlibencoder\tenccavlc.obj
c:\users\zheng\documents\github\16.4pgr\build\vc10\win32\debug\tlibencoder\tenccu.obj
c:\users\zheng\documents\github\16.4pgr\build\vc10\win32\debug\tlibencoder\tencentropy.obj
c:\users\zheng\documents\github\16.4pgr\build\vc10\win32\debug\tlibencoder\tencgop.obj
c:\users\zheng\documents\github\16.4pgr\build\vc10\win32\debug\tlibencoder\tencpic.obj
c:\users\zheng\documents\github\16.4pgr\build\vc10\win32\debug\tlibencoder\tencpreanalyzer.obj
c:\users\zheng\documents\github\16.4pgr\build\vc10\win32\debug\tlibencoder\tencratectrl.obj
c:\users\zheng\documents\github\16.4pgr\build\vc10\win32\debug\tlibencoder\tencsampleadaptiveoffset.obj
c:\users\zheng\documents\github\16.4pgr\build\vc10\win32\debug\tlibencoder\tencsbac.obj
c:\users\zheng\documents\github\16.4pgr\build\vc10\win32\debug\tlibencoder\tencsearch.obj
c:\users\zheng\documents\github\16.4pgr\build\vc10\win32\debug\tlibencoder\tencslice.obj
c:\users\zheng\documents\github\16.4pgr\build\vc10\win32\debug\tlibencoder\tenctop.obj
c:\users\zheng\documents\github\16.4pgr\build\vc10\win32\debug\tlibencoder\weightpredanalysis.obj
c:\users\zheng\documents\github\16.4pgr\build\vc10\win32\debug\tlibencoder\tlibencoder.lib
c:\users\zheng\documents\github\16.4pgr\build\\vc10\win32\debug\tlibencoder\tlibencoder.pdb
c:\users\zheng\documents\github\16.4pgr\build\\vc10\win32\debug\tlibencoder\tlibencoder.lib
c:\users\zheng\documents\github\16.4pgr\build\vc10\win32\debug\tlibencoder\tlibencoder.tlog\cl.command.1.tlog
c:\users\zheng\documents\github\16.4pgr\build\vc10\win32\debug\tlibencoder\tlibencoder.tlog\cl.read.1.tlog
c:\users\zheng\documents\github\16.4pgr\build\vc10\win32\debug\tlibencoder\tlibencoder.tlog\cl.write.1.tlog
c:\users\zheng\documents\github\16.4pgr\build\vc10\win32\debug\tlibencoder\tlibencoder.tlog\lib-link.read.1.tlog
c:\users\zheng\documents\github\16.4pgr\build\vc10\win32\debug\tlibencoder\tlibencoder.tlog\lib-link.write.1.tlog
c:\users\zheng\documents\github\16.4pgr\build\vc10\win32\debug\tlibencoder\tlibencoder.tlog\lib.command.1.tlog
